<?xml version="1.0" encoding="UTF-8"?>
<!-- Generated by org.testng.reporters.JUnitXMLReporter -->
<testsuite ignored="0" hostname="LAPTOP-ODC9LKHR" failures="0" tests="7" name="Test-Runner-2" time="156.486" errors="0" timestamp="2021-08-25T13:11:22 IST">
  <testcase classname="com.vtiger.products.testng.TestScripts.TC_SearchProduct" name="SearchProductBypartno" time="26.834"/>
  <testcase classname="com.vtiger.products.testng.TestScripts.TC_SearchProduct" name="SearchProductByproductname" time="10.973"/>
  <testcase classname="com.vtiger.products.testng.TestScripts.TC_SearchProduct" name="SearchProductByproductno" time="11.095"/>
  <testcase classname="com.vtiger.products.testng.TestScripts.TC_SearchProduct" name="SearchProductByqtybyunit" time="12.157"/>
  <testcase classname="com.vtiger.products.testng.TestScripts.TC_SearchProduct" name="SearchProductByunitPriceTest" time="22.614"/>
  <testcase classname="com.vtiger.products.testng.TestScripts.TC_SearchProduct" name="SearchProductbyCommisionRate" time="11.878"/>
  <testcase classname="com.vtiger.products.testng.TestScripts.TC_SearchProduct" name="SearchProductbyQtyinstock" time="13.43"/>
</testsuite> <!-- Test-Runner-2 -->
