<?xml version="1.0" encoding="UTF-8"?>
<!-- Generated by org.testng.reporters.JUnitReportReporter -->
<testsuite hostname="LAPTOP-ODC9LKHR" failures="0" tests="1" name="com.vtiger.products.tng.testscripts.Tc_01_Create_Product_With_Quick_CreateTest" time="31.543" errors="0" timestamp="2021-08-21T21:45:32 IST" skipped="0">
  <testcase classname="com.vtiger.products.tng.testscripts.Tc_01_Create_Product_With_Quick_CreateTest" name="createquickproductTest" time="31.543"/>
  <system-out/>
</testsuite> <!-- com.vtiger.products.tng.testscripts.Tc_01_Create_Product_With_Quick_CreateTest -->
