<?xml version="1.0" encoding="UTF-8"?>
<!-- Generated by org.testng.reporters.JUnitReportReporter -->
<testsuite hostname="LAPTOP-ODC9LKHR" failures="0" tests="1" name="com.vtiger.products.assertion.java.TC_SearchProduct" time="27.908" errors="0" timestamp="2021-08-27T01:48:45 IST" skipped="0">
  <testcase classname="com.vtiger.products.assertion.java.TC_SearchProduct" name="SearchProductBypartno" time="27.908"/>
  <system-out/>
</testsuite> <!-- com.vtiger.products.assertion.java.TC_SearchProduct -->
