<?xml version="1.0" encoding="UTF-8"?>
<!-- Generated by org.testng.reporters.JUnitReportReporter -->
<testsuite hostname="LAPTOP-ODC9LKHR" failures="0" tests="1" name="com.vtiger.products.tng.testscripts.Tc_07_Search_Product_By_ProductNoTest" time="24.275" errors="0" timestamp="2021-08-21T21:45:32 IST" skipped="0">
  <testcase classname="com.vtiger.products.tng.testscripts.Tc_07_Search_Product_By_ProductNoTest" name="searchproductbyproductnoTest" time="24.275"/>
  <system-out/>
</testsuite> <!-- com.vtiger.products.tng.testscripts.Tc_07_Search_Product_By_ProductNoTest -->
