<?xml version="1.0" encoding="UTF-8"?>
<!-- Generated by org.testng.reporters.JUnitReportReporter -->
<testsuite hostname="LAPTOP-ODC9LKHR" failures="0" tests="1" name="com.vtiger.products.assertion.java.TC_CreateProduct" time="30.572" errors="0" timestamp="2021-08-25T16:23:42 IST" skipped="0">
  <testcase classname="com.vtiger.products.assertion.java.TC_CreateProduct" name="Create_Product_With_TeamSelling_group" time="30.572"/>
  <system-out/>
</testsuite> <!-- com.vtiger.products.assertion.java.TC_CreateProduct -->
