<?xml version="1.0" encoding="UTF-8"?>
<!-- Generated by org.testng.reporters.JUnitReportReporter -->
<testsuite hostname="LAPTOP-ODC9LKHR" failures="0" tests="1" name="com.vtiger.genericlibraries.Date" time="0.009" errors="0" timestamp="2021-08-27T20:42:29 IST" skipped="0">
  <testcase classname="com.vtiger.genericlibraries.Date" name="currentDate" time="0.009"/>
  <system-out/>
</testsuite> <!-- com.vtiger.genericlibraries.Date -->
