<?xml version="1.0" encoding="UTF-8"?>
<!-- Generated by org.testng.reporters.JUnitReportReporter -->
<testsuite hostname="LAPTOP-ODC9LKHR" failures="0" tests="3" name="com.vtiger.products.assertion.java.Git2" time="0.010" errors="0" timestamp="2021-08-30T20:00:20 IST" skipped="0">
  <testcase classname="com.vtiger.products.assertion.java.Git2" name="createOrgWithIndustriesTest" time="0.001"/>
  <system-out/>
  <testcase classname="com.vtiger.products.assertion.java.Git2" name="createOrgTest" time="0.008"/>
  <system-out/>
  <testcase classname="com.vtiger.products.assertion.java.Git2" name="createOrgTestWithRatingTest" time="0.001"/>
  <system-out/>
</testsuite> <!-- com.vtiger.products.assertion.java.Git2 -->
