<?xml version="1.0" encoding="UTF-8"?>
<!-- Generated by org.testng.reporters.JUnitReportReporter -->
<testsuite hostname="LAPTOP-ODC9LKHR" failures="0" tests="1" name="com.vtiger.products.assertion.java.assertproblem" time="55.344" errors="0" timestamp="2021-08-27T15:40:29 IST" skipped="0">
  <testcase classname="com.vtiger.products.assertion.java.assertproblem" name="SearchProductBypartno" time="55.344"/>
  <system-out/>
</testsuite> <!-- com.vtiger.products.assertion.java.assertproblem -->
