<?xml version="1.0" encoding="UTF-8"?>
<!-- Generated by org.testng.reporters.JUnitReportReporter -->
<testsuite hostname="LAPTOP-ODC9LKHR" failures="0" tests="4" name="com.vtiger.products.assertion.java.TC_CreateProductTest" time="102.641" errors="0" timestamp="2021-08-27T16:28:47 IST" skipped="0">
  <testcase classname="com.vtiger.products.assertion.java.TC_CreateProductTest" name="Create_Product_With_Marketing_group" time="25.794"/>
  <system-out/>
  <testcase classname="com.vtiger.products.assertion.java.TC_CreateProductTest" name="Create_Product_With_TeamSelling_group" time="26.008"/>
  <system-out/>
  <testcase classname="com.vtiger.products.assertion.java.TC_CreateProductTest" name="Create_Product_With_Support_group" time="25.555"/>
  <system-out/>
  <testcase classname="com.vtiger.products.assertion.java.TC_CreateProductTest" name="Create_Product_With_Quick_CreateTest" time="25.284"/>
  <system-out/>
</testsuite> <!-- com.vtiger.products.assertion.java.TC_CreateProductTest -->
