<?xml version="1.0" encoding="UTF-8"?>
<!-- Generated by org.testng.reporters.JUnitReportReporter -->
<testsuite hostname="LAPTOP-ODC9LKHR" failures="0" tests="2" name="practice.Tester" time="17.067" errors="0" timestamp="2021-08-25T12:35:00 IST" skipped="0">
  <testcase classname="practice.Tester" name="gethomepageTitle" time="8.142"/>
  <system-out/>
  <testcase classname="practice.Tester" name="getorgpageTitle" time="8.925"/>
  <system-out/>
</testsuite> <!-- practice.Tester -->
