<?xml version="1.0" encoding="UTF-8"?>
<!-- Generated by org.testng.reporters.JUnitReportReporter -->
<testsuite hostname="LAPTOP-ODC9LKHR" failures="0" tests="7" name="com.vtiger.products.assertion.java.TC_SearchProductTest" time="265.548" errors="0" timestamp="2021-08-27T17:42:15 IST" skipped="0">
  <testcase classname="com.vtiger.products.assertion.java.TC_SearchProductTest" name="SearchProductbyCommisionRate" time="41.608"/>
  <system-out/>
  <testcase classname="com.vtiger.products.assertion.java.TC_SearchProductTest" name="SearchProductByqtybyunit" time="41.938"/>
  <system-out/>
  <testcase classname="com.vtiger.products.assertion.java.TC_SearchProductTest" name="SearchProductByproductname" time="14.630"/>
  <system-out/>
  <testcase classname="com.vtiger.products.assertion.java.TC_SearchProductTest" name="SearchProductbyQtyinstock" time="41.692"/>
  <system-out/>
  <testcase classname="com.vtiger.products.assertion.java.TC_SearchProductTest" name="SearchProductBypartno" time="49.887"/>
  <system-out/>
  <testcase classname="com.vtiger.products.assertion.java.TC_SearchProductTest" name="SearchProductByproductno" time="26.581"/>
  <system-out/>
  <testcase classname="com.vtiger.products.assertion.java.TC_SearchProductTest" name="SearchProductByunitPriceTest" time="49.212"/>
  <system-out/>
</testsuite> <!-- com.vtiger.products.assertion.java.TC_SearchProductTest -->
