<?xml version="1.0" encoding="UTF-8"?>
<!-- Generated by org.testng.reporters.JUnitReportReporter -->
<testsuite hostname="LAPTOP-ODC9LKHR" failures="0" tests="1" name="com.vtiger.products.tng.testscripts.Tc_03_Create_Product_With_Support_GroupTest" time="32.400" errors="0" timestamp="2021-08-21T21:45:32 IST" skipped="0">
  <testcase classname="com.vtiger.products.tng.testscripts.Tc_03_Create_Product_With_Support_GroupTest" name="createquickproductwithsupportgroupTest" time="32.400"/>
  <system-out/>
</testsuite> <!-- com.vtiger.products.tng.testscripts.Tc_03_Create_Product_With_Support_GroupTest -->
