<?xml version="1.0" encoding="UTF-8"?>
<!-- Generated by org.testng.reporters.JUnitReportReporter -->
<testsuite hostname="LAPTOP-ODC9LKHR" failures="0" tests="1" name="com.vtiger.products.assertion.java.assertproblemTest" time="52.195" errors="0" timestamp="2021-08-27T16:26:25 IST" skipped="0">
  <testcase classname="com.vtiger.products.assertion.java.assertproblemTest" name="SearchProductBypartno" time="52.195"/>
  <system-out/>
</testsuite> <!-- com.vtiger.products.assertion.java.assertproblemTest -->
