<?xml version="1.0" encoding="UTF-8"?>
<!-- Generated by org.testng.reporters.JUnitReportReporter -->
<testsuite hostname="LAPTOP-ODC9LKHR" failures="0" tests="4" name="com.vtiger.genericlibraries.TC_CreateProduct" time="120.090" errors="0" timestamp="2021-08-23T16:35:25 IST" skipped="0">
  <testcase classname="com.vtiger.genericlibraries.TC_CreateProduct" name="Create_Product_With_Quick_CreateTest" time="29.484"/>
  <system-out/>
  <testcase classname="com.vtiger.genericlibraries.TC_CreateProduct" name="Create_Product_With_Marketing_group" time="30.278"/>
  <system-out/>
  <testcase classname="com.vtiger.genericlibraries.TC_CreateProduct" name="Create_Product_With_Support_group" time="29.924"/>
  <system-out/>
  <testcase classname="com.vtiger.genericlibraries.TC_CreateProduct" name="Create_Product_With_TeamSelling_group" time="30.404"/>
  <system-out/>
</testsuite> <!-- com.vtiger.genericlibraries.TC_CreateProduct -->
